[2022-12-21T20:19:02.304+0000] {taskinstance.py:1087} INFO - Dependencies all met for <TaskInstance: data_ingestion_aws_dag.download_pgn_task manual__2022-12-21T20:18:59.898510+00:00 [queued]>
[2022-12-21T20:19:02.589+0000] {taskinstance.py:1087} INFO - Dependencies all met for <TaskInstance: data_ingestion_aws_dag.download_pgn_task manual__2022-12-21T20:18:59.898510+00:00 [queued]>
[2022-12-21T20:19:02.589+0000] {taskinstance.py:1283} INFO - 
--------------------------------------------------------------------------------
[2022-12-21T20:19:02.589+0000] {taskinstance.py:1284} INFO - Starting attempt 1 of 2
[2022-12-21T20:19:02.590+0000] {taskinstance.py:1285} INFO - 
--------------------------------------------------------------------------------
[2022-12-21T20:19:02.631+0000] {taskinstance.py:1304} INFO - Executing <Task(BashOperator): download_pgn_task> on 2022-12-21 20:18:59.898510+00:00
[2022-12-21T20:19:02.638+0000] {standard_task_runner.py:55} INFO - Started process 413 to run task
[2022-12-21T20:19:02.642+0000] {standard_task_runner.py:82} INFO - Running: ['***', 'tasks', 'run', 'data_ingestion_aws_dag', 'download_pgn_task', 'manual__2022-12-21T20:18:59.898510+00:00', '--job-id', '7', '--raw', '--subdir', 'DAGS_FOLDER/data_ingestion_aws_dag.py', '--cfg-path', '/tmp/tmpddo460fc']
[2022-12-21T20:19:02.643+0000] {standard_task_runner.py:83} INFO - Job 7: Subtask download_pgn_task
[2022-12-21T20:19:02.737+0000] {task_command.py:389} INFO - Running <TaskInstance: data_ingestion_aws_dag.download_pgn_task manual__2022-12-21T20:18:59.898510+00:00 [running]> on host 5850be76801c
[2022-12-21T20:19:02.889+0000] {taskinstance.py:1513} INFO - Exporting the following env vars:
AIRFLOW_CTX_DAG_OWNER=***
AIRFLOW_CTX_DAG_ID=data_ingestion_aws_dag
AIRFLOW_CTX_TASK_ID=download_pgn_task
AIRFLOW_CTX_EXECUTION_DATE=2022-12-21T20:18:59.898510+00:00
AIRFLOW_CTX_TRY_NUMBER=1
AIRFLOW_CTX_DAG_RUN_ID=manual__2022-12-21T20:18:59.898510+00:00
[2022-12-21T20:19:02.890+0000] {subprocess.py:63} INFO - Tmp dir root location: 
 /tmp
[2022-12-21T20:19:02.891+0000] {subprocess.py:75} INFO - Running command: ['/bin/bash', '-c', 'curl -sSL https://database.lichess.org/standard/lichess_db_standard_rated_2021-06.pgn.zst > /opt/***/lichess_db_standard_rated_2021-06.pgn.zst']
[2022-12-21T20:19:02.906+0000] {subprocess.py:86} INFO - Output:
[2022-12-21T20:26:52.856+0000] {local_task_job.py:224} WARNING - State of this instance has been externally set to skipped. Terminating instance.
[2022-12-21T20:26:52.883+0000] {process_utils.py:133} INFO - Sending Signals.SIGTERM to group 413. PIDs of all processes in the group: [414, 415, 413]
[2022-12-21T20:26:52.883+0000] {process_utils.py:84} INFO - Sending the signal Signals.SIGTERM to group 413
[2022-12-21T20:26:52.884+0000] {taskinstance.py:1483} ERROR - Received SIGTERM. Terminating subprocesses.
[2022-12-21T20:26:52.885+0000] {subprocess.py:104} INFO - Sending SIGTERM signal to process group
[2022-12-21T20:26:53.029+0000] {process_utils.py:79} INFO - Process psutil.Process(pid=413, status='terminated', exitcode=0, started='20:19:02') (413) terminated with exit code 0
[2022-12-21T20:26:53.029+0000] {process_utils.py:79} INFO - Process psutil.Process(pid=415, status='terminated', started='20:19:02') (415) terminated with exit code None
[2022-12-21T20:26:53.029+0000] {process_utils.py:79} INFO - Process psutil.Process(pid=414, status='terminated', started='20:19:02') (414) terminated with exit code None
