[2022-12-21T22:09:03.216+0000] {taskinstance.py:1087} INFO - Dependencies all met for <TaskInstance: data_ingestion_aws_dag.download_pgn_task manual__2022-12-21T22:09:00.049742+00:00 [queued]>
[2022-12-21T22:09:03.244+0000] {taskinstance.py:1087} INFO - Dependencies all met for <TaskInstance: data_ingestion_aws_dag.download_pgn_task manual__2022-12-21T22:09:00.049742+00:00 [queued]>
[2022-12-21T22:09:03.244+0000] {taskinstance.py:1283} INFO - 
--------------------------------------------------------------------------------
[2022-12-21T22:09:03.244+0000] {taskinstance.py:1284} INFO - Starting attempt 1 of 2
[2022-12-21T22:09:03.244+0000] {taskinstance.py:1285} INFO - 
--------------------------------------------------------------------------------
[2022-12-21T22:09:03.310+0000] {taskinstance.py:1304} INFO - Executing <Task(BashOperator): download_pgn_task> on 2022-12-21 22:09:00.049742+00:00
[2022-12-21T22:09:03.317+0000] {standard_task_runner.py:55} INFO - Started process 1524 to run task
[2022-12-21T22:09:03.326+0000] {standard_task_runner.py:82} INFO - Running: ['***', 'tasks', 'run', 'data_ingestion_aws_dag', 'download_pgn_task', 'manual__2022-12-21T22:09:00.049742+00:00', '--job-id', '22', '--raw', '--subdir', 'DAGS_FOLDER/data_ingestion_aws_dag.py', '--cfg-path', '/tmp/tmpq87eov9s']
[2022-12-21T22:09:03.327+0000] {standard_task_runner.py:83} INFO - Job 22: Subtask download_pgn_task
[2022-12-21T22:09:03.614+0000] {task_command.py:389} INFO - Running <TaskInstance: data_ingestion_aws_dag.download_pgn_task manual__2022-12-21T22:09:00.049742+00:00 [running]> on host dd56c2ebcf51
[2022-12-21T22:09:03.870+0000] {taskinstance.py:1513} INFO - Exporting the following env vars:
AIRFLOW_CTX_DAG_OWNER=***
AIRFLOW_CTX_DAG_ID=data_ingestion_aws_dag
AIRFLOW_CTX_TASK_ID=download_pgn_task
AIRFLOW_CTX_EXECUTION_DATE=2022-12-21T22:09:00.049742+00:00
AIRFLOW_CTX_TRY_NUMBER=1
AIRFLOW_CTX_DAG_RUN_ID=manual__2022-12-21T22:09:00.049742+00:00
[2022-12-21T22:09:03.872+0000] {subprocess.py:63} INFO - Tmp dir root location: 
 /tmp
[2022-12-21T22:09:03.873+0000] {subprocess.py:75} INFO - Running command: ['/bin/bash', '-c', 'curl -sSL https://database.lichess.org/standard/lichess_db_standard_rated_2013-01.pgn.zst > /opt/***/lichess_db_standard_rated_2013-01.pgn.zst']
[2022-12-21T22:09:03.891+0000] {subprocess.py:86} INFO - Output:
[2022-12-21T22:09:15.611+0000] {subprocess.py:97} INFO - Command exited with return code 0
[2022-12-21T22:09:15.690+0000] {taskinstance.py:1327} INFO - Marking task as SUCCESS. dag_id=data_ingestion_aws_dag, task_id=download_pgn_task, execution_date=20221221T220900, start_date=20221221T220903, end_date=20221221T220915
[2022-12-21T22:09:15.747+0000] {local_task_job.py:159} INFO - Task exited with return code 0
[2022-12-21T22:09:15.798+0000] {taskinstance.py:2582} INFO - 1 downstream tasks scheduled from follow-on schedule check
