[2022-12-21T23:33:55.494+0000] {taskinstance.py:1087} INFO - Dependencies all met for <TaskInstance: data_ingestion_aws_dag.ingest_pgn_task manual__2022-12-21T23:32:28.582015+00:00 [queued]>
[2022-12-21T23:33:55.526+0000] {taskinstance.py:1087} INFO - Dependencies all met for <TaskInstance: data_ingestion_aws_dag.ingest_pgn_task manual__2022-12-21T23:32:28.582015+00:00 [queued]>
[2022-12-21T23:33:55.527+0000] {taskinstance.py:1283} INFO - 
--------------------------------------------------------------------------------
[2022-12-21T23:33:55.527+0000] {taskinstance.py:1284} INFO - Starting attempt 1 of 2
[2022-12-21T23:33:55.527+0000] {taskinstance.py:1285} INFO - 
--------------------------------------------------------------------------------
[2022-12-21T23:33:55.604+0000] {taskinstance.py:1304} INFO - Executing <Task(PythonOperator): ingest_pgn_task> on 2022-12-21 23:32:28.582015+00:00
[2022-12-21T23:33:55.615+0000] {standard_task_runner.py:55} INFO - Started process 1597 to run task
[2022-12-21T23:33:55.620+0000] {standard_task_runner.py:82} INFO - Running: ['***', 'tasks', 'run', 'data_ingestion_aws_dag', 'ingest_pgn_task', 'manual__2022-12-21T23:32:28.582015+00:00', '--job-id', '49', '--raw', '--subdir', 'DAGS_FOLDER/data_ingestion_aws_dag.py', '--cfg-path', '/tmp/tmpyvmwzrsd']
[2022-12-21T23:33:55.621+0000] {standard_task_runner.py:83} INFO - Job 49: Subtask ingest_pgn_task
[2022-12-21T23:33:55.759+0000] {task_command.py:389} INFO - Running <TaskInstance: data_ingestion_aws_dag.ingest_pgn_task manual__2022-12-21T23:32:28.582015+00:00 [running]> on host ea0ded0d1b3f
[2022-12-21T23:33:55.941+0000] {taskinstance.py:1513} INFO - Exporting the following env vars:
AIRFLOW_CTX_DAG_OWNER=***
AIRFLOW_CTX_DAG_ID=data_ingestion_aws_dag
AIRFLOW_CTX_TASK_ID=ingest_pgn_task
AIRFLOW_CTX_EXECUTION_DATE=2022-12-21T23:32:28.582015+00:00
AIRFLOW_CTX_TRY_NUMBER=1
AIRFLOW_CTX_DAG_RUN_ID=manual__2022-12-21T23:32:28.582015+00:00
[2022-12-21T23:33:56.162+0000] {base.py:73} INFO - Using connection ID 'aws-postgres-chess-data' for task execution.
