[2022-12-21T23:33:44.894+0000] {taskinstance.py:1087} INFO - Dependencies all met for <TaskInstance: data_ingestion_aws_dag.download_pgn_task manual__2022-12-21T23:32:28.582015+00:00 [queued]>
[2022-12-21T23:33:44.908+0000] {taskinstance.py:1087} INFO - Dependencies all met for <TaskInstance: data_ingestion_aws_dag.download_pgn_task manual__2022-12-21T23:32:28.582015+00:00 [queued]>
[2022-12-21T23:33:44.908+0000] {taskinstance.py:1283} INFO - 
--------------------------------------------------------------------------------
[2022-12-21T23:33:44.908+0000] {taskinstance.py:1284} INFO - Starting attempt 1 of 2
[2022-12-21T23:33:44.908+0000] {taskinstance.py:1285} INFO - 
--------------------------------------------------------------------------------
[2022-12-21T23:33:44.966+0000] {taskinstance.py:1304} INFO - Executing <Task(BashOperator): download_pgn_task> on 2022-12-21 23:32:28.582015+00:00
[2022-12-21T23:33:44.971+0000] {standard_task_runner.py:55} INFO - Started process 1577 to run task
[2022-12-21T23:33:44.976+0000] {standard_task_runner.py:82} INFO - Running: ['***', 'tasks', 'run', 'data_ingestion_aws_dag', 'download_pgn_task', 'manual__2022-12-21T23:32:28.582015+00:00', '--job-id', '47', '--raw', '--subdir', 'DAGS_FOLDER/data_ingestion_aws_dag.py', '--cfg-path', '/tmp/tmpth0_fpsb']
[2022-12-21T23:33:44.977+0000] {standard_task_runner.py:83} INFO - Job 47: Subtask download_pgn_task
[2022-12-21T23:33:45.067+0000] {task_command.py:389} INFO - Running <TaskInstance: data_ingestion_aws_dag.download_pgn_task manual__2022-12-21T23:32:28.582015+00:00 [running]> on host ea0ded0d1b3f
[2022-12-21T23:33:45.199+0000] {taskinstance.py:1513} INFO - Exporting the following env vars:
AIRFLOW_CTX_DAG_OWNER=***
AIRFLOW_CTX_DAG_ID=data_ingestion_aws_dag
AIRFLOW_CTX_TASK_ID=download_pgn_task
AIRFLOW_CTX_EXECUTION_DATE=2022-12-21T23:32:28.582015+00:00
AIRFLOW_CTX_TRY_NUMBER=1
AIRFLOW_CTX_DAG_RUN_ID=manual__2022-12-21T23:32:28.582015+00:00
[2022-12-21T23:33:45.200+0000] {subprocess.py:63} INFO - Tmp dir root location: 
 /tmp
[2022-12-21T23:33:45.201+0000] {subprocess.py:75} INFO - Running command: ['/bin/bash', '-c', 'curl -sSL https://database.lichess.org/standard/lichess_db_standard_rated_2013-01.pgn.zst > /opt/***/lichess_db_standard_rated_2013-01.pgn.zst']
[2022-12-21T23:33:45.214+0000] {subprocess.py:86} INFO - Output:
[2022-12-21T23:33:50.715+0000] {subprocess.py:97} INFO - Command exited with return code 0
[2022-12-21T23:33:50.772+0000] {taskinstance.py:1327} INFO - Marking task as SUCCESS. dag_id=data_ingestion_aws_dag, task_id=download_pgn_task, execution_date=20221221T233228, start_date=20221221T233344, end_date=20221221T233350
[2022-12-21T23:33:50.814+0000] {local_task_job.py:159} INFO - Task exited with return code 0
[2022-12-21T23:33:50.852+0000] {taskinstance.py:2582} INFO - 1 downstream tasks scheduled from follow-on schedule check
