[2022-12-21T23:06:07.643+0000] {taskinstance.py:1087} INFO - Dependencies all met for <TaskInstance: data_ingestion_aws_dag.ingest_pgn_task manual__2022-12-21T22:55:58.741543+00:00 [queued]>
[2022-12-21T23:06:07.655+0000] {taskinstance.py:1087} INFO - Dependencies all met for <TaskInstance: data_ingestion_aws_dag.ingest_pgn_task manual__2022-12-21T22:55:58.741543+00:00 [queued]>
[2022-12-21T23:06:07.656+0000] {taskinstance.py:1283} INFO - 
--------------------------------------------------------------------------------
[2022-12-21T23:06:07.656+0000] {taskinstance.py:1284} INFO - Starting attempt 2 of 2
[2022-12-21T23:06:07.656+0000] {taskinstance.py:1285} INFO - 
--------------------------------------------------------------------------------
[2022-12-21T23:06:07.679+0000] {taskinstance.py:1304} INFO - Executing <Task(PythonOperator): ingest_pgn_task> on 2022-12-21 22:55:58.741543+00:00
[2022-12-21T23:06:07.684+0000] {standard_task_runner.py:55} INFO - Started process 76 to run task
[2022-12-21T23:06:07.689+0000] {standard_task_runner.py:82} INFO - Running: ['***', 'tasks', 'run', 'data_ingestion_aws_dag', 'ingest_pgn_task', 'manual__2022-12-21T22:55:58.741543+00:00', '--job-id', '43', '--raw', '--subdir', 'DAGS_FOLDER/data_ingestion_aws_dag.py', '--cfg-path', '/tmp/tmpso6rcs0z']
[2022-12-21T23:06:07.690+0000] {standard_task_runner.py:83} INFO - Job 43: Subtask ingest_pgn_task
[2022-12-21T23:06:07.778+0000] {task_command.py:389} INFO - Running <TaskInstance: data_ingestion_aws_dag.ingest_pgn_task manual__2022-12-21T22:55:58.741543+00:00 [running]> on host ea0ded0d1b3f
[2022-12-21T23:06:07.945+0000] {taskinstance.py:1513} INFO - Exporting the following env vars:
AIRFLOW_CTX_DAG_OWNER=***
AIRFLOW_CTX_DAG_ID=data_ingestion_aws_dag
AIRFLOW_CTX_TASK_ID=ingest_pgn_task
AIRFLOW_CTX_EXECUTION_DATE=2022-12-21T22:55:58.741543+00:00
AIRFLOW_CTX_TRY_NUMBER=2
AIRFLOW_CTX_DAG_RUN_ID=manual__2022-12-21T22:55:58.741543+00:00
[2022-12-21T23:06:08.211+0000] {base.py:73} INFO - Using connection ID 'aws-postgres-chess-data' for task execution.
[2022-12-21T23:06:09.004+0000] {python.py:177} INFO - Done. Returned value was: None
[2022-12-21T23:06:09.023+0000] {taskinstance.py:1327} INFO - Marking task as SUCCESS. dag_id=data_ingestion_aws_dag, task_id=ingest_pgn_task, execution_date=20221221T225558, start_date=20221221T230607, end_date=20221221T230609
[2022-12-21T23:06:09.109+0000] {local_task_job.py:159} INFO - Task exited with return code 0
[2022-12-21T23:06:09.143+0000] {taskinstance.py:2582} INFO - 0 downstream tasks scheduled from follow-on schedule check
