[2022-12-21T22:09:17.203+0000] {taskinstance.py:1087} INFO - Dependencies all met for <TaskInstance: data_ingestion_aws_dag.unzip_pgn_task manual__2022-12-21T22:09:00.049742+00:00 [queued]>
[2022-12-21T22:09:17.244+0000] {taskinstance.py:1087} INFO - Dependencies all met for <TaskInstance: data_ingestion_aws_dag.unzip_pgn_task manual__2022-12-21T22:09:00.049742+00:00 [queued]>
[2022-12-21T22:09:17.244+0000] {taskinstance.py:1283} INFO - 
--------------------------------------------------------------------------------
[2022-12-21T22:09:17.244+0000] {taskinstance.py:1284} INFO - Starting attempt 1 of 2
[2022-12-21T22:09:17.245+0000] {taskinstance.py:1285} INFO - 
--------------------------------------------------------------------------------
[2022-12-21T22:09:17.276+0000] {taskinstance.py:1304} INFO - Executing <Task(PythonOperator): unzip_pgn_task> on 2022-12-21 22:09:00.049742+00:00
[2022-12-21T22:09:17.282+0000] {standard_task_runner.py:55} INFO - Started process 1543 to run task
[2022-12-21T22:09:17.286+0000] {standard_task_runner.py:82} INFO - Running: ['***', 'tasks', 'run', 'data_ingestion_aws_dag', 'unzip_pgn_task', 'manual__2022-12-21T22:09:00.049742+00:00', '--job-id', '23', '--raw', '--subdir', 'DAGS_FOLDER/data_ingestion_aws_dag.py', '--cfg-path', '/tmp/tmpe4dfu6en']
[2022-12-21T22:09:17.287+0000] {standard_task_runner.py:83} INFO - Job 23: Subtask unzip_pgn_task
[2022-12-21T22:09:17.373+0000] {task_command.py:389} INFO - Running <TaskInstance: data_ingestion_aws_dag.unzip_pgn_task manual__2022-12-21T22:09:00.049742+00:00 [running]> on host dd56c2ebcf51
[2022-12-21T22:09:17.544+0000] {taskinstance.py:1513} INFO - Exporting the following env vars:
AIRFLOW_CTX_DAG_OWNER=***
AIRFLOW_CTX_DAG_ID=data_ingestion_aws_dag
AIRFLOW_CTX_TASK_ID=unzip_pgn_task
AIRFLOW_CTX_EXECUTION_DATE=2022-12-21T22:09:00.049742+00:00
AIRFLOW_CTX_TRY_NUMBER=1
AIRFLOW_CTX_DAG_RUN_ID=manual__2022-12-21T22:09:00.049742+00:00
[2022-12-21T22:09:18.221+0000] {python.py:177} INFO - Done. Returned value was: None
[2022-12-21T22:09:18.242+0000] {taskinstance.py:1327} INFO - Marking task as SUCCESS. dag_id=data_ingestion_aws_dag, task_id=unzip_pgn_task, execution_date=20221221T220900, start_date=20221221T220917, end_date=20221221T220918
[2022-12-21T22:09:18.430+0000] {local_task_job.py:159} INFO - Task exited with return code 0
[2022-12-21T22:09:18.459+0000] {taskinstance.py:2582} INFO - 0 downstream tasks scheduled from follow-on schedule check
