[2022-12-21T23:33:51.851+0000] {taskinstance.py:1087} INFO - Dependencies all met for <TaskInstance: data_ingestion_aws_dag.unzip_pgn_task manual__2022-12-21T23:32:28.582015+00:00 [queued]>
[2022-12-21T23:33:51.867+0000] {taskinstance.py:1087} INFO - Dependencies all met for <TaskInstance: data_ingestion_aws_dag.unzip_pgn_task manual__2022-12-21T23:32:28.582015+00:00 [queued]>
[2022-12-21T23:33:51.868+0000] {taskinstance.py:1283} INFO - 
--------------------------------------------------------------------------------
[2022-12-21T23:33:51.868+0000] {taskinstance.py:1284} INFO - Starting attempt 1 of 2
[2022-12-21T23:33:51.868+0000] {taskinstance.py:1285} INFO - 
--------------------------------------------------------------------------------
[2022-12-21T23:33:51.899+0000] {taskinstance.py:1304} INFO - Executing <Task(PythonOperator): unzip_pgn_task> on 2022-12-21 23:32:28.582015+00:00
[2022-12-21T23:33:51.904+0000] {standard_task_runner.py:55} INFO - Started process 1592 to run task
[2022-12-21T23:33:51.909+0000] {standard_task_runner.py:82} INFO - Running: ['***', 'tasks', 'run', 'data_ingestion_aws_dag', 'unzip_pgn_task', 'manual__2022-12-21T23:32:28.582015+00:00', '--job-id', '48', '--raw', '--subdir', 'DAGS_FOLDER/data_ingestion_aws_dag.py', '--cfg-path', '/tmp/tmp5ujrugd1']
[2022-12-21T23:33:51.909+0000] {standard_task_runner.py:83} INFO - Job 48: Subtask unzip_pgn_task
[2022-12-21T23:33:52.232+0000] {task_command.py:389} INFO - Running <TaskInstance: data_ingestion_aws_dag.unzip_pgn_task manual__2022-12-21T23:32:28.582015+00:00 [running]> on host ea0ded0d1b3f
[2022-12-21T23:33:52.501+0000] {taskinstance.py:1513} INFO - Exporting the following env vars:
AIRFLOW_CTX_DAG_OWNER=***
AIRFLOW_CTX_DAG_ID=data_ingestion_aws_dag
AIRFLOW_CTX_TASK_ID=unzip_pgn_task
AIRFLOW_CTX_EXECUTION_DATE=2022-12-21T23:32:28.582015+00:00
AIRFLOW_CTX_TRY_NUMBER=1
AIRFLOW_CTX_DAG_RUN_ID=manual__2022-12-21T23:32:28.582015+00:00
[2022-12-21T23:33:53.430+0000] {python.py:177} INFO - Done. Returned value was: None
[2022-12-21T23:33:53.446+0000] {taskinstance.py:1327} INFO - Marking task as SUCCESS. dag_id=data_ingestion_aws_dag, task_id=unzip_pgn_task, execution_date=20221221T233228, start_date=20221221T233351, end_date=20221221T233353
[2022-12-21T23:33:53.611+0000] {local_task_job.py:159} INFO - Task exited with return code 0
[2022-12-21T23:33:53.644+0000] {taskinstance.py:2582} INFO - 0 downstream tasks scheduled from follow-on schedule check
